{"C:\\Users\\100025782\\Desktop\\Alexis\\server-pern\\src\\router.ts": {"path":"C:\\Users\\100025782\\Desktop\\Alexis\\server-pern\\src\\router.ts","statementMap":{"0":{"start":{"line":1,"column":0},"end":{"line":1,"column":33}},"1":{"start":{"line":2,"column":0},"end":{"line":2,"column":null}},"2":{"start":{"line":10,"column":0},"end":{"line":10,"column":49}},"3":{"start":{"line":11,"column":0},"end":{"line":11,"column":48}},"4":{"start":{"line":12,"column":0},"end":{"line":12,"column":47}},"5":{"start":{"line":13,"column":0},"end":{"line":13,"column":47}},"6":{"start":{"line":15,"column":15},"end":{"line":15,"column":23}},"7":{"start":{"line":17,"column":0},"end":{"line":17,"column":20}},"8":{"start":{"line":19,"column":0},"end":{"line":19,"column":29}},"9":{"start":{"line":21,"column":0},"end":{"line":26,"column":2}},"10":{"start":{"line":28,"column":0},"end":{"line":43,"column":2}},"11":{"start":{"line":38,"column":23},"end":{"line":38,"column":32}},"12":{"start":{"line":45,"column":0},"end":{"line":66,"column":2}},"13":{"start":{"line":57,"column":23},"end":{"line":57,"column":32}},"14":{"start":{"line":68,"column":0},"end":{"line":73,"column":2}},"15":{"start":{"line":75,"column":0},"end":{"line":81,"column":2}},"16":{"start":{"line":83,"column":0},"end":{"line":83,"column":22}}},"fnMap":{"0":{"name":"(anonymous_0)","decl":{"start":{"line":38,"column":12},"end":{"line":38,"column":13}},"loc":{"start":{"line":38,"column":23},"end":{"line":38,"column":32}}},"1":{"name":"(anonymous_1)","decl":{"start":{"line":57,"column":12},"end":{"line":57,"column":13}},"loc":{"start":{"line":57,"column":23},"end":{"line":57,"column":32}}}},"branchMap":{},"s":{"0":2,"1":2,"2":2,"3":2,"4":2,"5":2,"6":2,"7":2,"8":2,"9":2,"10":2,"11":11,"12":2,"13":4,"14":2,"15":2,"16":2},"f":{"0":11,"1":4},"b":{}}
,"C:\\Users\\100025782\\Desktop\\Alexis\\server-pern\\src\\server.ts": {"path":"C:\\Users\\100025782\\Desktop\\Alexis\\server-pern\\src\\server.ts","statementMap":{"0":{"start":{"line":9,"column":0},"end":{"line":9,"column":7}},"1":{"start":{"line":1,"column":0},"end":{"line":1,"column":30}},"2":{"start":{"line":2,"column":0},"end":{"line":2,"column":30}},"3":{"start":{"line":3,"column":0},"end":{"line":3,"column":29}},"4":{"start":{"line":4,"column":0},"end":{"line":4,"column":30}},"5":{"start":{"line":5,"column":0},"end":{"line":5,"column":47}},"6":{"start":{"line":11,"column":4},"end":{"line":21,"column":5}},"7":{"start":{"line":13,"column":8},"end":{"line":13,"column":null}},"8":{"start":{"line":14,"column":8},"end":{"line":14,"column":null}},"9":{"start":{"line":15,"column":8},"end":{"line":15,"column":56}},"10":{"start":{"line":18,"column":8},"end":{"line":18,"column":27}},"11":{"start":{"line":19,"column":8},"end":{"line":19,"column":62}},"12":{"start":{"line":26,"column":0},"end":{"line":26,"column":null}},"13":{"start":{"line":29,"column":15},"end":{"line":29,"column":24}},"14":{"start":{"line":32,"column":0},"end":{"line":32,"column":null}},"15":{"start":{"line":33,"column":0},"end":{"line":33,"column":20}},"16":{"start":{"line":35,"column":0},"end":{"line":35,"column":35}},"17":{"start":{"line":37,"column":0},"end":{"line":37,"column":null}}},"fnMap":{"0":{"name":"connectionDB","decl":{"start":{"line":9,"column":22},"end":{"line":9,"column":34}},"loc":{"start":{"line":9,"column":34},"end":{"line":23,"column":1}}}},"branchMap":{},"s":{"0":2,"1":2,"2":2,"3":2,"4":2,"5":2,"6":3,"7":3,"8":2,"9":2,"10":1,"11":1,"12":2,"13":2,"14":2,"15":2,"16":2,"17":2},"f":{"0":3},"b":{}}
,"C:\\Users\\100025782\\Desktop\\Alexis\\server-pern\\src\\config\\db.ts": {"path":"C:\\Users\\100025782\\Desktop\\Alexis\\server-pern\\src\\config\\db.ts","statementMap":{"0":{"start":{"line":1,"column":0},"end":{"line":1,"column":49}},"1":{"start":{"line":2,"column":0},"end":{"line":2,"column":27}},"2":{"start":{"line":5,"column":0},"end":{"line":5,"column":null}},"3":{"start":{"line":8,"column":11},"end":{"line":10,"column":2}},"4":{"start":{"line":17,"column":0},"end":{"line":17,"column":null}}},"fnMap":{},"branchMap":{},"s":{"0":2,"1":2,"2":2,"3":2,"4":2},"f":{},"b":{}}
,"C:\\Users\\100025782\\Desktop\\Alexis\\server-pern\\src\\handlers\\product.ts": {"path":"C:\\Users\\100025782\\Desktop\\Alexis\\server-pern\\src\\handlers\\product.ts","statementMap":{"0":{"start":{"line":3,"column":0},"end":{"line":3,"column":44}},"1":{"start":{"line":4,"column":0},"end":{"line":4,"column":30}},"2":{"start":{"line":6,"column":29},"end":{"line":14,"column":1}},"3":{"start":{"line":7,"column":2},"end":{"line":13,"column":3}},"4":{"start":{"line":8,"column":20},"end":{"line":8,"column":50}},"5":{"start":{"line":9,"column":4},"end":{"line":9,"column":44}},"6":{"start":{"line":12,"column":4},"end":{"line":12,"column":76}},"7":{"start":{"line":6,"column":13},"end":{"line":6,"column":29}},"8":{"start":{"line":16,"column":27},"end":{"line":26,"column":1}},"9":{"start":{"line":17,"column":2},"end":{"line":25,"column":3}},"10":{"start":{"line":18,"column":20},"end":{"line":20,"column":6}},"11":{"start":{"line":21,"column":4},"end":{"line":21,"column":32}},"12":{"start":{"line":24,"column":4},"end":{"line":24,"column":78}},"13":{"start":{"line":16,"column":13},"end":{"line":16,"column":27}},"14":{"start":{"line":28,"column":28},"end":{"line":42,"column":1}},"15":{"start":{"line":29,"column":2},"end":{"line":41,"column":3}},"16":{"start":{"line":30,"column":19},"end":{"line":30,"column":29}},"17":{"start":{"line":31,"column":20},"end":{"line":31,"column":46}},"18":{"start":{"line":33,"column":4},"end":{"line":35,"column":5}},"19":{"start":{"line":34,"column":6},"end":{"line":34,"column":71}},"20":{"start":{"line":37,"column":4},"end":{"line":37,"column":32}},"21":{"start":{"line":40,"column":4},"end":{"line":40,"column":85}},"22":{"start":{"line":28,"column":13},"end":{"line":28,"column":28}},"23":{"start":{"line":44,"column":29},"end":{"line":54,"column":1}},"24":{"start":{"line":45,"column":17},"end":{"line":45,"column":27}},"25":{"start":{"line":46,"column":18},"end":{"line":46,"column":44}},"26":{"start":{"line":47,"column":2},"end":{"line":49,"column":3}},"27":{"start":{"line":48,"column":4},"end":{"line":48,"column":69}},"28":{"start":{"line":51,"column":2},"end":{"line":51,"column":33}},"29":{"start":{"line":52,"column":2},"end":{"line":52,"column":23}},"30":{"start":{"line":53,"column":2},"end":{"line":53,"column":30}},"31":{"start":{"line":44,"column":13},"end":{"line":44,"column":29}},"32":{"start":{"line":56,"column":34},"end":{"line":73,"column":1}},"33":{"start":{"line":57,"column":2},"end":{"line":72,"column":3}},"34":{"start":{"line":58,"column":19},"end":{"line":58,"column":29}},"35":{"start":{"line":59,"column":20},"end":{"line":59,"column":46}},"36":{"start":{"line":61,"column":4},"end":{"line":63,"column":5}},"37":{"start":{"line":62,"column":6},"end":{"line":62,"column":71}},"38":{"start":{"line":65,"column":4},"end":{"line":65,"column":49}},"39":{"start":{"line":66,"column":4},"end":{"line":66,"column":25}},"40":{"start":{"line":68,"column":4},"end":{"line":68,"column":32}},"41":{"start":{"line":71,"column":4},"end":{"line":71,"column":90}},"42":{"start":{"line":56,"column":13},"end":{"line":56,"column":34}},"43":{"start":{"line":75,"column":29},"end":{"line":85,"column":1}},"44":{"start":{"line":76,"column":17},"end":{"line":76,"column":27}},"45":{"start":{"line":77,"column":18},"end":{"line":77,"column":44}},"46":{"start":{"line":79,"column":2},"end":{"line":81,"column":3}},"47":{"start":{"line":80,"column":4},"end":{"line":80,"column":69}},"48":{"start":{"line":83,"column":2},"end":{"line":83,"column":34}},"49":{"start":{"line":84,"column":2},"end":{"line":84,"column":46}},"50":{"start":{"line":75,"column":13},"end":{"line":75,"column":29}}},"fnMap":{"0":{"name":"(anonymous_1)","decl":{"start":{"line":6,"column":29},"end":{"line":6,"column":34}},"loc":{"start":{"line":6,"column":67},"end":{"line":14,"column":1}}},"1":{"name":"(anonymous_2)","decl":{"start":{"line":16,"column":27},"end":{"line":16,"column":32}},"loc":{"start":{"line":16,"column":65},"end":{"line":26,"column":1}}},"2":{"name":"(anonymous_3)","decl":{"start":{"line":28,"column":28},"end":{"line":28,"column":33}},"loc":{"start":{"line":28,"column":66},"end":{"line":42,"column":1}}},"3":{"name":"(anonymous_4)","decl":{"start":{"line":44,"column":29},"end":{"line":44,"column":34}},"loc":{"start":{"line":44,"column":67},"end":{"line":54,"column":1}}},"4":{"name":"(anonymous_5)","decl":{"start":{"line":56,"column":34},"end":{"line":56,"column":39}},"loc":{"start":{"line":56,"column":72},"end":{"line":73,"column":1}}},"5":{"name":"(anonymous_6)","decl":{"start":{"line":75,"column":29},"end":{"line":75,"column":34}},"loc":{"start":{"line":75,"column":67},"end":{"line":85,"column":1}}}},"branchMap":{"0":{"loc":{"start":{"line":33,"column":4},"end":{"line":35,"column":5}},"type":"if","locations":[{"start":{"line":33,"column":4},"end":{"line":35,"column":5}},{"start":{},"end":{}}]},"1":{"loc":{"start":{"line":47,"column":2},"end":{"line":49,"column":3}},"type":"if","locations":[{"start":{"line":47,"column":2},"end":{"line":49,"column":3}},{"start":{},"end":{}}]},"2":{"loc":{"start":{"line":61,"column":4},"end":{"line":63,"column":5}},"type":"if","locations":[{"start":{"line":61,"column":4},"end":{"line":63,"column":5}},{"start":{},"end":{}}]},"3":{"loc":{"start":{"line":79,"column":2},"end":{"line":81,"column":3}},"type":"if","locations":[{"start":{"line":79,"column":2},"end":{"line":81,"column":3}},{"start":{},"end":{}}]}},"s":{"0":2,"1":2,"2":2,"3":9,"4":9,"5":8,"6":1,"7":2,"8":2,"9":5,"10":5,"11":4,"12":1,"13":2,"14":2,"15":3,"16":3,"17":2,"18":2,"19":1,"20":1,"21":1,"22":2,"23":2,"24":2,"25":2,"26":2,"27":1,"28":1,"29":1,"30":1,"31":2,"32":2,"33":5,"34":5,"35":4,"36":4,"37":1,"38":3,"39":3,"40":3,"41":1,"42":2,"43":2,"44":2,"45":2,"46":2,"47":1,"48":1,"49":1,"50":2},"f":{"0":9,"1":5,"2":3,"3":2,"4":5,"5":2},"b":{"0":[1,1],"1":[1,1],"2":[1,3],"3":[1,1]}}
,"C:\\Users\\100025782\\Desktop\\Alexis\\server-pern\\src\\middleware\\delete.ts": {"path":"C:\\Users\\100025782\\Desktop\\Alexis\\server-pern\\src\\middleware\\delete.ts","statementMap":{"0":{"start":{"line":1,"column":0},"end":{"line":1,"column":41}},"1":{"start":{"line":3,"column":13},"end":{"line":7,"column":2}}},"fnMap":{},"branchMap":{},"s":{"0":2,"1":2},"f":{},"b":{}}
,"C:\\Users\\100025782\\Desktop\\Alexis\\server-pern\\src\\middleware\\index.ts": {"path":"C:\\Users\\100025782\\Desktop\\Alexis\\server-pern\\src\\middleware\\index.ts","statementMap":{"0":{"start":{"line":1,"column":0},"end":{"line":1,"column":53}},"1":{"start":{"line":4,"column":33},"end":{"line":16,"column":1}},"2":{"start":{"line":9,"column":2},"end":{"line":9,"column":37}},"3":{"start":{"line":11,"column":17},"end":{"line":11,"column":38}},"4":{"start":{"line":12,"column":2},"end":{"line":14,"column":3}},"5":{"start":{"line":13,"column":4},"end":{"line":13,"column":60}},"6":{"start":{"line":15,"column":2},"end":{"line":15,"column":9}},"7":{"start":{"line":4,"column":13},"end":{"line":4,"column":33}}},"fnMap":{"0":{"name":"(anonymous_0)","decl":{"start":{"line":4,"column":33},"end":{"line":4,"column":null}},"loc":{"start":{"line":8,"column":4},"end":{"line":16,"column":1}}}},"branchMap":{"0":{"loc":{"start":{"line":12,"column":2},"end":{"line":14,"column":3}},"type":"if","locations":[{"start":{"line":12,"column":2},"end":{"line":14,"column":3}},{"start":{},"end":{}}]}},"s":{"0":2,"1":2,"2":25,"3":25,"4":25,"5":7,"6":18,"7":2},"f":{"0":25},"b":{"0":[7,18]}}
,"C:\\Users\\100025782\\Desktop\\Alexis\\server-pern\\src\\middleware\\methods.ts": {"path":"C:\\Users\\100025782\\Desktop\\Alexis\\server-pern\\src\\middleware\\methods.ts","statementMap":{"0":{"start":{"line":4,"column":0},"end":{"line":4,"column":16}},"1":{"start":{"line":2,"column":0},"end":{"line":2,"column":28}},"2":{"start":{"line":5,"column":4},"end":{"line":5,"column":111}},"3":{"start":{"line":6,"column":4},"end":{"line":6,"column":11}}},"fnMap":{"0":{"name":"methods","decl":{"start":{"line":4,"column":16},"end":{"line":4,"column":23}},"loc":{"start":{"line":4,"column":71},"end":{"line":7,"column":1}}}},"branchMap":{},"s":{"0":2,"1":2,"2":58,"3":58},"f":{"0":58},"b":{}}
,"C:\\Users\\100025782\\Desktop\\Alexis\\server-pern\\src\\models\\Producto.mo.ts": {"path":"C:\\Users\\100025782\\Desktop\\Alexis\\server-pern\\src\\models\\Producto.mo.ts","statementMap":{"0":{"start":{"line":1,"column":0},"end":{"line":1,"column":75}},"1":{"start":{"line":8,"column":0},"end":{"line":26,"column":null}},"2":{"start":{"line":13,"column":13},"end":{"line":13,"column":null}},"3":{"start":{"line":18,"column":12},"end":{"line":18,"column":null}},"4":{"start":{"line":25,"column":12},"end":{"line":25,"column":null}},"5":{"start":{"line":8,"column":6},"end":{"line":26,"column":null}},"6":{"start":{"line":29,"column":0},"end":{"line":29,"column":null}}},"fnMap":{},"branchMap":{},"s":{"0":3,"1":3,"2":3,"3":3,"4":3,"5":3,"6":3},"f":{},"b":{}}
}
