{"/Users/Alumno/Documents/server-pern/server/SERVER-PERN/src/router.ts": {"path":"/Users/Alumno/Documents/server-pern/server/SERVER-PERN/src/router.ts","statementMap":{"0":{"start":{"line":1,"column":0},"end":{"line":1,"column":33}},"1":{"start":{"line":2,"column":0},"end":{"line":2,"column":null}},"2":{"start":{"line":10,"column":0},"end":{"line":10,"column":49}},"3":{"start":{"line":11,"column":0},"end":{"line":11,"column":48}},"4":{"start":{"line":12,"column":0},"end":{"line":12,"column":47}},"5":{"start":{"line":13,"column":0},"end":{"line":13,"column":47}},"6":{"start":{"line":16,"column":15},"end":{"line":16,"column":23}},"7":{"start":{"line":18,"column":0},"end":{"line":18,"column":20}},"8":{"start":{"line":20,"column":0},"end":{"line":23,"column":2}},"9":{"start":{"line":25,"column":0},"end":{"line":32,"column":2}},"10":{"start":{"line":34,"column":0},"end":{"line":51,"column":2}},"11":{"start":{"line":46,"column":23},"end":{"line":46,"column":32}},"12":{"start":{"line":52,"column":0},"end":{"line":77,"column":2}},"13":{"start":{"line":68,"column":23},"end":{"line":68,"column":32}},"14":{"start":{"line":79,"column":0},"end":{"line":87,"column":2}},"15":{"start":{"line":89,"column":0},"end":{"line":98,"column":2}},"16":{"start":{"line":100,"column":0},"end":{"line":100,"column":22}}},"fnMap":{"0":{"name":"(anonymous_0)","decl":{"start":{"line":46,"column":12},"end":{"line":46,"column":13}},"loc":{"start":{"line":46,"column":23},"end":{"line":46,"column":32}}},"1":{"name":"(anonymous_1)","decl":{"start":{"line":68,"column":12},"end":{"line":68,"column":13}},"loc":{"start":{"line":68,"column":23},"end":{"line":68,"column":32}}}},"branchMap":{},"s":{"0":2,"1":2,"2":2,"3":2,"4":2,"5":2,"6":2,"7":2,"8":2,"9":2,"10":2,"11":11,"12":2,"13":4,"14":2,"15":2,"16":2},"f":{"0":11,"1":4},"b":{}}
,"/Users/Alumno/Documents/server-pern/server/SERVER-PERN/src/server.ts": {"path":"/Users/Alumno/Documents/server-pern/server/SERVER-PERN/src/server.ts","statementMap":{"0":{"start":{"line":8,"column":0},"end":{"line":8,"column":7}},"1":{"start":{"line":1,"column":0},"end":{"line":1,"column":30}},"2":{"start":{"line":2,"column":0},"end":{"line":2,"column":30}},"3":{"start":{"line":3,"column":0},"end":{"line":3,"column":29}},"4":{"start":{"line":4,"column":0},"end":{"line":4,"column":30}},"5":{"start":{"line":10,"column":4},"end":{"line":20,"column":5}},"6":{"start":{"line":12,"column":8},"end":{"line":12,"column":null}},"7":{"start":{"line":13,"column":8},"end":{"line":13,"column":null}},"8":{"start":{"line":14,"column":8},"end":{"line":14,"column":56}},"9":{"start":{"line":25,"column":0},"end":{"line":25,"column":null}},"10":{"start":{"line":28,"column":15},"end":{"line":28,"column":24}},"11":{"start":{"line":31,"column":0},"end":{"line":31,"column":null}},"12":{"start":{"line":33,"column":0},"end":{"line":33,"column":35}},"13":{"start":{"line":35,"column":0},"end":{"line":35,"column":null}}},"fnMap":{"0":{"name":"connectionDB","decl":{"start":{"line":8,"column":22},"end":{"line":8,"column":34}},"loc":{"start":{"line":8,"column":34},"end":{"line":22,"column":1}}}},"branchMap":{},"s":{"0":2,"1":2,"2":2,"3":2,"4":2,"5":3,"6":3,"7":2,"8":2,"9":2,"10":2,"11":2,"12":2,"13":2},"f":{"0":3},"b":{}}
,"/Users/Alumno/Documents/server-pern/server/SERVER-PERN/src/config/db.ts": {"path":"/Users/Alumno/Documents/server-pern/server/SERVER-PERN/src/config/db.ts","statementMap":{"0":{"start":{"line":1,"column":0},"end":{"line":1,"column":49}},"1":{"start":{"line":2,"column":0},"end":{"line":2,"column":27}},"2":{"start":{"line":5,"column":0},"end":{"line":5,"column":null}},"3":{"start":{"line":8,"column":11},"end":{"line":10,"column":2}},"4":{"start":{"line":17,"column":0},"end":{"line":17,"column":null}}},"fnMap":{},"branchMap":{},"s":{"0":2,"1":2,"2":2,"3":2,"4":2},"f":{},"b":{}}
,"/Users/Alumno/Documents/server-pern/server/SERVER-PERN/src/handlers/product.ts": {"path":"/Users/Alumno/Documents/server-pern/server/SERVER-PERN/src/handlers/product.ts","statementMap":{"0":{"start":{"line":3,"column":0},"end":{"line":3,"column":44}},"1":{"start":{"line":7,"column":29},"end":{"line":14,"column":1}},"2":{"start":{"line":8,"column":2},"end":{"line":13,"column":3}},"3":{"start":{"line":9,"column":20},"end":{"line":9,"column":50}},"4":{"start":{"line":10,"column":4},"end":{"line":10,"column":44}},"5":{"start":{"line":12,"column":4},"end":{"line":12,"column":37}},"6":{"start":{"line":7,"column":13},"end":{"line":7,"column":29}},"7":{"start":{"line":16,"column":27},"end":{"line":26,"column":1}},"8":{"start":{"line":17,"column":2},"end":{"line":25,"column":3}},"9":{"start":{"line":18,"column":20},"end":{"line":20,"column":6}},"10":{"start":{"line":22,"column":4},"end":{"line":22,"column":32}},"11":{"start":{"line":16,"column":13},"end":{"line":16,"column":27}},"12":{"start":{"line":29,"column":28},"end":{"line":42,"column":1}},"13":{"start":{"line":30,"column":2},"end":{"line":41,"column":3}},"14":{"start":{"line":31,"column":19},"end":{"line":31,"column":29}},"15":{"start":{"line":32,"column":20},"end":{"line":32,"column":46}},"16":{"start":{"line":34,"column":4},"end":{"line":36,"column":5}},"17":{"start":{"line":35,"column":6},"end":{"line":35,"column":71}},"18":{"start":{"line":38,"column":4},"end":{"line":38,"column":32}},"19":{"start":{"line":29,"column":13},"end":{"line":29,"column":28}},"20":{"start":{"line":46,"column":29},"end":{"line":61,"column":1}},"21":{"start":{"line":47,"column":2},"end":{"line":60,"column":3}},"22":{"start":{"line":48,"column":19},"end":{"line":48,"column":29}},"23":{"start":{"line":49,"column":20},"end":{"line":49,"column":46}},"24":{"start":{"line":50,"column":4},"end":{"line":52,"column":5}},"25":{"start":{"line":51,"column":6},"end":{"line":51,"column":71}},"26":{"start":{"line":54,"column":4},"end":{"line":54,"column":35}},"27":{"start":{"line":55,"column":4},"end":{"line":55,"column":25}},"28":{"start":{"line":57,"column":4},"end":{"line":57,"column":32}},"29":{"start":{"line":46,"column":13},"end":{"line":46,"column":29}},"30":{"start":{"line":64,"column":34},"end":{"line":80,"column":1}},"31":{"start":{"line":65,"column":2},"end":{"line":79,"column":3}},"32":{"start":{"line":66,"column":19},"end":{"line":66,"column":29}},"33":{"start":{"line":67,"column":20},"end":{"line":67,"column":46}},"34":{"start":{"line":69,"column":4},"end":{"line":71,"column":5}},"35":{"start":{"line":70,"column":6},"end":{"line":70,"column":71}},"36":{"start":{"line":73,"column":4},"end":{"line":73,"column":null}},"37":{"start":{"line":74,"column":4},"end":{"line":74,"column":25}},"38":{"start":{"line":76,"column":4},"end":{"line":76,"column":32}},"39":{"start":{"line":64,"column":13},"end":{"line":64,"column":34}},"40":{"start":{"line":84,"column":29},"end":{"line":96,"column":1}},"41":{"start":{"line":85,"column":17},"end":{"line":85,"column":27}},"42":{"start":{"line":87,"column":18},"end":{"line":87,"column":44}},"43":{"start":{"line":89,"column":2},"end":{"line":91,"column":3}},"44":{"start":{"line":90,"column":4},"end":{"line":90,"column":69}},"45":{"start":{"line":93,"column":2},"end":{"line":93,"column":34}},"46":{"start":{"line":95,"column":2},"end":{"line":95,"column":46}},"47":{"start":{"line":84,"column":13},"end":{"line":84,"column":29}}},"fnMap":{"0":{"name":"(anonymous_1)","decl":{"start":{"line":7,"column":29},"end":{"line":7,"column":34}},"loc":{"start":{"line":7,"column":67},"end":{"line":14,"column":1}}},"1":{"name":"(anonymous_2)","decl":{"start":{"line":16,"column":27},"end":{"line":16,"column":32}},"loc":{"start":{"line":16,"column":65},"end":{"line":26,"column":1}}},"2":{"name":"(anonymous_3)","decl":{"start":{"line":29,"column":28},"end":{"line":29,"column":33}},"loc":{"start":{"line":29,"column":66},"end":{"line":42,"column":1}}},"3":{"name":"(anonymous_4)","decl":{"start":{"line":46,"column":29},"end":{"line":46,"column":34}},"loc":{"start":{"line":46,"column":67},"end":{"line":61,"column":1}}},"4":{"name":"(anonymous_5)","decl":{"start":{"line":64,"column":34},"end":{"line":64,"column":39}},"loc":{"start":{"line":64,"column":72},"end":{"line":80,"column":1}}},"5":{"name":"(anonymous_6)","decl":{"start":{"line":84,"column":29},"end":{"line":84,"column":34}},"loc":{"start":{"line":84,"column":67},"end":{"line":96,"column":1}}}},"branchMap":{"0":{"loc":{"start":{"line":34,"column":4},"end":{"line":36,"column":5}},"type":"if","locations":[{"start":{"line":34,"column":4},"end":{"line":36,"column":5}},{"start":{},"end":{}}]},"1":{"loc":{"start":{"line":50,"column":4},"end":{"line":52,"column":5}},"type":"if","locations":[{"start":{"line":50,"column":4},"end":{"line":52,"column":5}},{"start":{},"end":{}}]},"2":{"loc":{"start":{"line":69,"column":4},"end":{"line":71,"column":5}},"type":"if","locations":[{"start":{"line":69,"column":4},"end":{"line":71,"column":5}},{"start":{},"end":{}}]},"3":{"loc":{"start":{"line":89,"column":2},"end":{"line":91,"column":3}},"type":"if","locations":[{"start":{"line":89,"column":2},"end":{"line":91,"column":3}},{"start":{},"end":{}}]}},"s":{"0":2,"1":2,"2":8,"3":8,"4":7,"5":1,"6":2,"7":2,"8":4,"9":4,"10":4,"11":2,"12":2,"13":2,"14":2,"15":2,"16":2,"17":1,"18":1,"19":2,"20":2,"21":2,"22":2,"23":2,"24":2,"25":1,"26":1,"27":1,"28":1,"29":2,"30":2,"31":4,"32":4,"33":4,"34":4,"35":1,"36":3,"37":3,"38":3,"39":2,"40":2,"41":2,"42":2,"43":2,"44":1,"45":1,"46":1,"47":2},"f":{"0":8,"1":4,"2":2,"3":2,"4":4,"5":2},"b":{"0":[1,1],"1":[1,1],"2":[1,3],"3":[1,1]}}
,"/Users/Alumno/Documents/server-pern/server/SERVER-PERN/src/middleware/delete.ts": {"path":"/Users/Alumno/Documents/server-pern/server/SERVER-PERN/src/middleware/delete.ts","statementMap":{"0":{"start":{"line":1,"column":0},"end":{"line":1,"column":41}},"1":{"start":{"line":3,"column":13},"end":{"line":7,"column":2}}},"fnMap":{},"branchMap":{},"s":{"0":2,"1":2},"f":{},"b":{}}
,"/Users/Alumno/Documents/server-pern/server/SERVER-PERN/src/middleware/index.ts": {"path":"/Users/Alumno/Documents/server-pern/server/SERVER-PERN/src/middleware/index.ts","statementMap":{"0":{"start":{"line":1,"column":0},"end":{"line":1,"column":53}},"1":{"start":{"line":4,"column":33},"end":{"line":16,"column":1}},"2":{"start":{"line":9,"column":2},"end":{"line":9,"column":37}},"3":{"start":{"line":11,"column":17},"end":{"line":11,"column":38}},"4":{"start":{"line":12,"column":2},"end":{"line":14,"column":3}},"5":{"start":{"line":13,"column":4},"end":{"line":13,"column":60}},"6":{"start":{"line":15,"column":2},"end":{"line":15,"column":9}},"7":{"start":{"line":4,"column":13},"end":{"line":4,"column":33}}},"fnMap":{"0":{"name":"(anonymous_0)","decl":{"start":{"line":4,"column":33},"end":{"line":4,"column":null}},"loc":{"start":{"line":8,"column":4},"end":{"line":16,"column":1}}}},"branchMap":{"0":{"loc":{"start":{"line":12,"column":2},"end":{"line":14,"column":3}},"type":"if","locations":[{"start":{"line":12,"column":2},"end":{"line":14,"column":3}},{"start":{},"end":{}}]}},"s":{"0":2,"1":2,"2":25,"3":25,"4":25,"5":7,"6":18,"7":2},"f":{"0":25},"b":{"0":[7,18]}}
,"/Users/Alumno/Documents/server-pern/server/SERVER-PERN/src/middleware/methods.ts": {"path":"/Users/Alumno/Documents/server-pern/server/SERVER-PERN/src/middleware/methods.ts","statementMap":{"0":{"start":{"line":4,"column":0},"end":{"line":4,"column":16}},"1":{"start":{"line":2,"column":0},"end":{"line":2,"column":28}},"2":{"start":{"line":5,"column":4},"end":{"line":5,"column":111}},"3":{"start":{"line":6,"column":4},"end":{"line":6,"column":11}}},"fnMap":{"0":{"name":"methods","decl":{"start":{"line":4,"column":16},"end":{"line":4,"column":23}},"loc":{"start":{"line":4,"column":71},"end":{"line":7,"column":1}}}},"branchMap":{},"s":{"0":2,"1":2,"2":29,"3":29},"f":{"0":29},"b":{}}
,"/Users/Alumno/Documents/server-pern/server/SERVER-PERN/src/models/Producto.mo.ts": {"path":"/Users/Alumno/Documents/server-pern/server/SERVER-PERN/src/models/Producto.mo.ts","statementMap":{"0":{"start":{"line":1,"column":0},"end":{"line":1,"column":75}},"1":{"start":{"line":8,"column":0},"end":{"line":26,"column":null}},"2":{"start":{"line":13,"column":13},"end":{"line":13,"column":null}},"3":{"start":{"line":18,"column":12},"end":{"line":18,"column":null}},"4":{"start":{"line":25,"column":12},"end":{"line":25,"column":null}},"5":{"start":{"line":8,"column":6},"end":{"line":26,"column":null}},"6":{"start":{"line":29,"column":0},"end":{"line":29,"column":null}}},"fnMap":{},"branchMap":{},"s":{"0":3,"1":3,"2":3,"3":3,"4":3,"5":3,"6":3},"f":{},"b":{}}
}
