TN:
SF:src\router.ts
FN:123,(anonymous_0)
FN:142,(anonymous_1)
FNF:2
FNH:2
FNDA:11,(anonymous_0)
FNDA:4,(anonymous_1)
DA:1,3
DA:2,3
DA:10,3
DA:11,3
DA:12,3
DA:13,3
DA:14,3
DA:16,3
DA:73,3
DA:104,3
DA:106,3
DA:113,3
DA:123,11
DA:130,3
DA:142,4
DA:153,3
DA:160,3
DA:173,3
DA:175,3
DA:182,3
DA:199,3
DA:217,3
DA:225,3
LF:23
LH:23
BRF:0
BRH:0
end_of_record
TN:
SF:src\server.ts
FN:12,connectionDB
FNF:1
FNH:1
FNDA:4,connectionDB
DA:1,3
DA:2,3
DA:3,3
DA:4,3
DA:5,3
DA:7,3
DA:9,3
DA:12,3
DA:14,4
DA:16,4
DA:17,3
DA:18,3
DA:21,1
DA:22,1
DA:29,3
DA:32,3
DA:35,3
DA:36,3
DA:38,3
DA:40,3
DA:42,3
LF:21
LH:21
BRF:0
BRH:0
end_of_record
TN:
SF:src\config\db.ts
FNF:0
FNH:0
DA:1,3
DA:2,3
DA:5,3
DA:8,3
DA:17,3
LF:5
LH:5
BRF:0
BRH:0
end_of_record
TN:
SF:src\config\swagger.ts
FNF:0
FNH:0
DA:1,3
DA:7,3
DA:33,3
DA:35,3
DA:48,3
DA:50,3
LF:6
LH:6
BRF:0
BRH:0
end_of_record
TN:
SF:src\handlers\product.ts
FN:6,(anonymous_1)
FN:18,(anonymous_2)
FN:30,(anonymous_3)
FN:46,(anonymous_4)
FN:58,(anonymous_5)
FN:76,(anonymous_6)
FNF:6
FNH:6
FNDA:9,(anonymous_1)
FNDA:5,(anonymous_2)
FNDA:3,(anonymous_3)
FNDA:2,(anonymous_4)
FNDA:5,(anonymous_5)
FNDA:2,(anonymous_6)
DA:3,3
DA:4,3
DA:6,3
DA:7,9
DA:8,9
DA:9,8
DA:12,1
DA:18,3
DA:19,5
DA:20,5
DA:23,4
DA:26,1
DA:30,3
DA:31,3
DA:32,3
DA:33,3
DA:35,2
DA:36,1
DA:39,1
DA:42,1
DA:46,3
DA:47,2
DA:48,2
DA:49,2
DA:50,1
DA:53,1
DA:54,1
DA:55,1
DA:58,3
DA:59,5
DA:60,5
DA:61,5
DA:63,4
DA:64,1
DA:67,3
DA:68,3
DA:70,3
DA:72,1
DA:76,3
DA:77,2
DA:78,2
DA:80,2
DA:81,1
DA:84,1
DA:85,1
LF:45
LH:45
BRDA:35,0,0,1
BRDA:35,0,1,1
BRDA:49,1,0,1
BRDA:49,1,1,1
BRDA:63,2,0,1
BRDA:63,2,1,3
BRDA:80,3,0,1
BRDA:80,3,1,1
BRF:8
BRH:8
end_of_record
TN:
SF:src\handlers\user.ts
FN:6,(anonymous_1)
FN:28,(anonymous_2)
FN:48,(anonymous_3)
FN:60,(anonymous_4)
FN:85,(anonymous_5)
FNF:5
FNH:5
FNDA:10,(anonymous_1)
FNDA:2,(anonymous_2)
FNDA:2,(anonymous_3)
FNDA:5,(anonymous_4)
FNDA:3,(anonymous_5)
DA:2,3
DA:3,3
DA:6,3
DA:7,10
DA:8,10
DA:10,10
DA:11,9
DA:12,1
DA:15,8
DA:16,8
DA:17,1
DA:20,7
DA:21,7
DA:23,1
DA:24,1
DA:28,3
DA:29,2
DA:30,2
DA:32,2
DA:33,2
DA:35,2
DA:41,1
DA:43,1
DA:44,1
DA:48,3
DA:49,2
DA:50,2
DA:51,1
DA:53,0
DA:55,1
DA:56,1
DA:60,3
DA:61,5
DA:62,5
DA:64,5
DA:65,4
DA:67,3
DA:69,3
DA:70,1
DA:73,2
DA:74,1
DA:77,1
DA:78,1
DA:80,1
DA:81,1
DA:85,3
DA:86,3
DA:87,3
DA:89,3
DA:90,2
DA:92,1
DA:93,1
DA:95,1
DA:97,1
DA:98,1
LF:55
LH:54
BRDA:11,0,0,1
BRDA:11,0,1,8
BRDA:16,1,0,1
BRDA:16,1,1,7
BRDA:30,2,0,2
BRDA:30,3,0,2
BRDA:33,4,0,0
BRDA:33,4,1,2
BRDA:51,5,0,1
BRDA:51,5,1,0
BRDA:65,6,0,1
BRDA:65,6,1,3
BRDA:69,7,0,1
BRDA:69,7,1,2
BRDA:73,8,0,1
BRDA:73,8,1,1
BRDA:90,9,0,1
BRDA:90,9,1,1
BRF:18
BRH:16
end_of_record
TN:
SF:src\middleware\delete.ts
FNF:0
FNH:0
DA:1,3
DA:3,3
LF:2
LH:2
BRF:0
BRH:0
end_of_record
TN:
SF:src\middleware\index.ts
FN:4,(anonymous_0)
FNF:1
FNH:1
FNDA:45,(anonymous_0)
DA:1,3
DA:4,3
DA:11,45
DA:12,45
DA:13,11
DA:15,34
LF:6
LH:6
BRDA:12,0,0,11
BRDA:12,0,1,34
BRF:2
BRH:2
end_of_record
TN:
SF:src\middleware\methods.ts
FN:4,methods
FNF:1
FNH:1
FNDA:100,methods
DA:2,3
DA:4,3
DA:5,100
DA:6,100
LF:4
LH:4
BRF:0
BRH:0
end_of_record
TN:
SF:src\models\Producto.mo.ts
FNF:0
FNH:0
DA:1,4
DA:8,4
DA:13,4
DA:18,4
DA:25,4
DA:29,4
LF:6
LH:6
BRF:0
BRH:0
end_of_record
TN:
SF:src\models\Usuario.mo.ts
FNF:0
FNH:0
DA:1,4
DA:14,4
DA:18,4
DA:23,4
DA:31,4
DA:35,4
DA:39,4
DA:43,4
DA:46,4
LF:9
LH:9
BRF:0
BRH:0
end_of_record
