TN:
SF:src/router.ts
FN:46,(anonymous_0)
FN:68,(anonymous_1)
FNF:2
FNH:2
FNDA:11,(anonymous_0)
FNDA:4,(anonymous_1)
DA:1,2
DA:2,2
DA:10,2
DA:11,2
DA:12,2
DA:13,2
DA:16,2
DA:18,2
DA:20,2
DA:25,2
DA:34,2
DA:46,11
DA:52,2
DA:68,4
DA:79,2
DA:89,2
DA:100,2
LF:17
LH:17
BRF:0
BRH:0
end_of_record
TN:
SF:src/server.ts
FN:8,connectionDB
FNF:1
FNH:1
FNDA:3,connectionDB
DA:1,2
DA:2,2
DA:3,2
DA:4,2
DA:8,2
DA:10,3
DA:12,3
DA:13,2
DA:14,2
DA:25,2
DA:28,2
DA:31,2
DA:33,2
DA:35,2
LF:14
LH:14
BRF:0
BRH:0
end_of_record
TN:
SF:src/config/db.ts
FNF:0
FNH:0
DA:1,2
DA:2,2
DA:5,2
DA:8,2
DA:17,2
LF:5
LH:5
BRF:0
BRH:0
end_of_record
TN:
SF:src/handlers/product.ts
FN:7,(anonymous_1)
FN:16,(anonymous_2)
FN:29,(anonymous_3)
FN:46,(anonymous_4)
FN:64,(anonymous_5)
FN:84,(anonymous_6)
FNF:6
FNH:6
FNDA:8,(anonymous_1)
FNDA:4,(anonymous_2)
FNDA:2,(anonymous_3)
FNDA:2,(anonymous_4)
FNDA:4,(anonymous_5)
FNDA:2,(anonymous_6)
DA:3,2
DA:7,2
DA:8,8
DA:9,8
DA:10,7
DA:12,1
DA:16,2
DA:17,4
DA:18,4
DA:22,4
DA:29,2
DA:30,2
DA:31,2
DA:32,2
DA:34,2
DA:35,1
DA:38,1
DA:46,2
DA:47,2
DA:48,2
DA:49,2
DA:50,2
DA:51,1
DA:54,1
DA:55,1
DA:57,1
DA:64,2
DA:65,4
DA:66,4
DA:67,4
DA:69,4
DA:70,1
DA:73,3
DA:74,3
DA:76,3
DA:84,2
DA:85,2
DA:87,2
DA:89,2
DA:90,1
DA:93,1
DA:95,1
LF:42
LH:42
BRDA:34,0,0,1
BRDA:34,0,1,1
BRDA:50,1,0,1
BRDA:50,1,1,1
BRDA:69,2,0,1
BRDA:69,2,1,3
BRDA:89,3,0,1
BRDA:89,3,1,1
BRF:8
BRH:8
end_of_record
TN:
SF:src/middleware/delete.ts
FNF:0
FNH:0
DA:1,2
DA:3,2
LF:2
LH:2
BRF:0
BRH:0
end_of_record
TN:
SF:src/middleware/index.ts
FN:4,(anonymous_0)
FNF:1
FNH:1
FNDA:25,(anonymous_0)
DA:1,2
DA:4,2
DA:9,25
DA:11,25
DA:12,25
DA:13,7
DA:15,18
LF:7
LH:7
BRDA:12,0,0,7
BRDA:12,0,1,18
BRF:2
BRH:2
end_of_record
TN:
SF:src/middleware/methods.ts
FN:4,methods
FNF:1
FNH:1
FNDA:29,methods
DA:2,2
DA:4,2
DA:5,29
DA:6,29
LF:4
LH:4
BRF:0
BRH:0
end_of_record
TN:
SF:src/models/Producto.mo.ts
FNF:0
FNH:0
DA:1,3
DA:8,3
DA:13,3
DA:18,3
DA:25,3
DA:29,3
LF:6
LH:6
BRF:0
BRH:0
end_of_record
